Benchmark:           p3dfft
Test:                nonblocking
TAG:                 sep23
Cluster:             thor
HOST list:           thor001:32,thor002:32,thor003:32,thor004:32,thor005:32,thor006:32,thor007:32,thor008:32, NNODES=8, PPN=32
Offload mode:        bf2_ib
Offload list:        thorbf2a001,thorbf2a002,thorbf2a003,thorbf2a004,thorbf2a005,thorbf2a006,thorbf2a007,thorbf2a008, SPN=4
Offload daemon:      /global/home/groups/rdmaworkshop/offload_stack/dpu.offload.sep23.aarch64/bin/ucc_offload_dpu_daemon
Offload config file: /global/home/groups/rdmaworkshop/offload_stack/etc/thor_bf2_4sp.cfg
Offload Max sends:   4
Offload Max recvs:   4
Offload environment: UCX_NET_DEVICES=mlx5_0:1,UCX_TLS=rc_x,UCX_IB_TX_INLINE_RESP=64,UCX_ZCOPY_THRESH=256,UCX_RCACHE_ENABLE=y,UCX_LOG_LEVEL=warn,UCX_LOG_PRINT_ENABLE=n,UCX_LOG_LEVEL_TRIGGER=error,UCX_HANDLE_ERRORS=bt,DPU_OFFLOAD_LIST_DPUS=thorbf2a001,thorbf2a002,thorbf2a003,thorbf2a004,thorbf2a005,thorbf2a006,thorbf2a007,thorbf2a008,DPU_OFFLOAD_DBG_VERBOSE=0,OFFLOAD_CONFIG_FILE_PATH=/global/home/groups/rdmaworkshop/offload_stack/etc/thor_bf2_4sp.cfg,DPU_OFFLOAD_SERVICE_PROCESSES_PER_DPU=4,LD_LIBRARY_PATH=/global/home/groups/rdmaworkshop/offload_stack/dpu.offload.sep23.aarch64/lib:/global/home/groups/rdmaworkshop/offload_stack/ucx.offload.sep23.aarch64/lib}
MPIRUN:              /global/home/groups/rdmaworkshop/offload_stack/ompi/bin/mpirun -np 256 -H thor001:32,thor002:32,thor003:32,thor004:32,thor005:32,thor006:32,thor007:32,thor008:32 --map-by ppr:32:node:pe=1,oversubscribe --bind-to core --rank-by core --mca btl ^openib --mca pml ucx -x UCX_NET_DEVICES=mlx5_2:1 -x UCX_TLS=all -x UCX_RCACHE_ENABLE=y -x UCX_LOG_LEVEL=warn -x UCX_LOG_PRINT_ENABLE=n -x UCX_LOG_LEVEL_TRIGGER=error -x UCX_HANDLE_ERRORS=bt --mca coll_hcoll_enable 0 --mca coll_hcoll_priority 100 -x HCOLL_ML_DISABLE_ALLTOALLV=1 -x HCOLL_ML_DISABLE_IALLTOALLV=1 --mca coll_ucc_enable 1 --mca coll_ucc_priority 100 -x UCC_LOG_LEVEL=warn -x UCC_TL_UCP_TUNE=allgatherv:0#alltoall:0#alltoallv:0-inf:@dpu_onesided -x UCC_TL_UCP_OFFLOAD_DPU_MAX_SENDS=4 -x UCC_TL_UCP_OFFLOAD_DPU_MAX_RECVS=4 -x OFFLOAD_CONFIG_FILE_PATH=/global/home/groups/rdmaworkshop/offload_stack/etc/thor_bf2_4sp.cfg -x DPU_OFFLOAD_DBG_VERBOSE=0 -x OMP_NUM_THREADS=1 -x OMP_PROC_BIND=true -x LD_LIBRARY_PATH=/global/software/rocky-9.x86_64/modules/gcc/11/fftw/3.3.10-hpcx-2.15/lib:/global/home/groups/rdmaworkshop/offload_stack/ompi/lib:/global/home/groups/rdmaworkshop/offload_stack/nccl_rdma_sharp_plugin/lib:/global/home/groups/rdmaworkshop/offload_stack/hcoll/lib:/global/home/groups/rdmaworkshop/offload_stack/sharp/lib:/global/home/groups/rdmaworkshop/offload_stack/ucc.offload.sep23.x86_64/lib/ucc:/global/home/groups/rdmaworkshop/offload_stack/ucc.offload.sep23.x86_64/lib:/global/home/groups/rdmaworkshop/offload_stack/dpu.offload.sep23.x86_64/lib:/global/home/groups/rdmaworkshop/offload_stack/ucx.offload.sep23.x86_64/lib/ucx:/global/home/groups/rdmaworkshop/offload_stack/ucx.offload.sep23.x86_64/lib /global/home/groups/rdmaworkshop/p3dfft++/sample/C++/test3D_c2c_cpp
P3DFFT++ C++ test program. Running on 256 cores
GitVersion = v.3.1.2-19-g527915c-dirty
GitDate = 2023-01-19
Executable, test3D_c2c.C, was compiled with GCC/G++ (version 4674576) on Apr 18 2023 at 17:45:25
P3DFFT test C2C, 3D wave input
Double precision
 (1024 1024 1024) grid
 2 proc. dimensions
10 repetitions
1 slices/streams
4 variables
Using two-dimensional decomposition
Reading proc. grid from file dims
Using processor grid 32 x 8
Results are correct
Max. diff. =1.80603e-16
Results are correct
Max. diff. =1.80603e-16
Results are correct
Max. diff. =1.80603e-16
Results are correct
Max. diff. =1.80603e-16
Results are correct
Max. diff. =1.80603e-16
Results are correct
Max. diff. =1.80603e-16
Results are correct
Max. diff. =1.80603e-16
Results are correct
Max. diff. =1.80603e-16
Results are correct
Max. diff. =1.80603e-16
Results are correct
Max. diff. =1.80603e-16
Results are correct
Max. diff. =1.44755e-15
Transform time (avg/min/max): 5.900020 5.781236 5.986823
                         Timer:   Average   Minimum     Maximum
                    Unpack.0.1:      3.271    2.95535    3.45843
                  Exec.2.2.0.1:    2.41201    2.10334     2.6378
                Pack_trans.0.1: 0.000266851 0.00020408 0.000347317
         Reorder_trans.102.012:   0.849613   0.776022   0.948681
               MPI_Waitany.1.2:   0.552673 0.000843406    2.28891
            MPI_Ialltoallv.1.2:    3.83293    3.06016    4.71205
               Exec.2.2.1024.1:    5.19092    4.47808    5.53064
                Pack_trans.1.0: 0.000264401 0.000221198 0.000317896
              Exec.2.2.1024.-1:    5.39728    4.67903    5.79215
            MPI_Ialltoallv.0.1:  0.0145591  0.0125134  0.0175661
                Pack_trans.2.1: 0.000416331 0.000343157 0.000486652
         Reorder_trans.120.102:    6.32658    5.56984    7.01258
                    Unpack.1.0:     2.7248    2.46672    3.00093
                    Unpack.1.2:    2.50367     2.2146    2.84547
         Reorder_trans.012.102:    1.47579    1.40211    1.60811
         Reorder_trans.102.120:    6.25446    6.02271    6.52803
            MPI_Ialltoallv.2.1:  0.0867739  0.0789267  0.0932898
                 Exec.2.2.0.-1:    2.44322    2.17549    2.65002
               MPI_Waitany.1.0:    2.44465    1.57096    3.96603
                Pack_trans.1.2: 0.00035254 0.000282852 0.000446301
            MPI_Ialltoallv.1.0:     4.6157    3.52615    5.24041
               MPI_Waitany.2.1:   0.496185  0.0100082    1.37879
               MPI_Waitany.0.1:    5.28684    4.27623     6.8043
                    Unpack.2.1:    2.74614     2.1895    3.08419
Summaries:
                        Unpack:    11.2456    10.5035    11.9191
                          Exec:    15.4434    13.6948    16.3334
                    Pack_trans: 0.00130012 0.00115037  0.0014763
                 Reorder_trans:    14.9064    14.0036     15.834
                   MPI_Waitany:    8.78034    6.39187    12.0415
                MPI_Ialltoallv:    8.54997       7.04    9.62872
Sum total:    58.9271    51.6349    65.7581
1829.51user 311.81system 1:15.77elapsed 2825%CPU (0avgtext+0avgdata 2401712maxresident)k
0inputs+0outputs (169major+5701112minor)pagefaults 0swaps
