Benchmark:           osu
Test:                allgatherv
TAG:                 sep23
Cluster:             thor
HOST list:           thor003:32,thor004:32,thor005:32,thor006:32, NNODES=4, PPN=32
Offload mode:        bf2_ib
Offload list:        thorbf2a003,thorbf2a004,thorbf2a005,thorbf2a006, SPN=4
Offload daemon:      /global/home/groups/rdmaworkshop/offload_stack/dpu.offload.sep23.aarch64/bin/ucc_offload_dpu_daemon
Offload config file: /global/home/groups/rdmaworkshop/offload_stack/etc/thor_bf2_4sp.cfg
Offload Max sends:   4
Offload Max recvs:   4
Offload environment: UCX_NET_DEVICES=mlx5_0:1,UCX_TLS=rc_x,UCX_IB_TX_INLINE_RESP=64,UCX_ZCOPY_THRESH=256,UCX_RCACHE_ENABLE=y,UCX_LOG_LEVEL=warn,UCX_LOG_PRINT_ENABLE=n,UCX_LOG_LEVEL_TRIGGER=error,UCX_HANDLE_ERRORS=bt,DPU_OFFLOAD_LIST_DPUS=thorbf2a003,thorbf2a004,thorbf2a005,thorbf2a006,DPU_OFFLOAD_DBG_VERBOSE=0,OFFLOAD_CONFIG_FILE_PATH=/global/home/groups/rdmaworkshop/offload_stack/etc/thor_bf2_4sp.cfg,DPU_OFFLOAD_SERVICE_PROCESSES_PER_DPU=4,LD_LIBRARY_PATH=/global/home/groups/rdmaworkshop/offload_stack/dpu.offload.sep23.aarch64/lib:/global/home/groups/rdmaworkshop/offload_stack/ucx.offload.sep23.aarch64/lib}
MPIRUN:              /global/home/groups/rdmaworkshop/offload_stack/ompi/bin/mpirun -np 128 -H thor003:32,thor004:32,thor005:32,thor006:32 --map-by ppr:32:node:pe=1,oversubscribe --bind-to core --rank-by core --mca btl ^openib --mca pml ucx -x UCX_NET_DEVICES=mlx5_2:1 -x UCX_TLS=all -x UCX_RCACHE_ENABLE=y -x UCX_LOG_LEVEL=warn -x UCX_LOG_PRINT_ENABLE=n -x UCX_LOG_LEVEL_TRIGGER=error -x UCX_HANDLE_ERRORS=bt --mca coll_hcoll_enable 0 --mca coll_hcoll_priority 100 --mca coll_ucc_enable 1 --mca coll_ucc_priority 100 -x UCC_LOG_LEVEL=warn -x UCC_TL_UCP_TUNE=allgather:0-inf:@dpusegments#allgatherv:0-inf:@interdpu#alltoall:0-inf:@offload#alltoallv:0-inf:@dpu_onesided -x UCC_TL_UCP_OFFLOAD_DPU_MAX_SENDS=4 -x UCC_TL_UCP_OFFLOAD_DPU_MAX_RECVS=4 -x OFFLOAD_CONFIG_FILE_PATH=/global/home/groups/rdmaworkshop/offload_stack/etc/thor_bf2_4sp.cfg -x DPU_OFFLOAD_DBG_VERBOSE=0 -x OMP_NUM_THREADS=1 -x OMP_PROC_BIND=true -x LD_LIBRARY_PATH=/global/home/groups/rdmaworkshop/offload_stack/ompi/lib:/global/home/groups/rdmaworkshop/offload_stack/nccl_rdma_sharp_plugin/lib:/global/home/groups/rdmaworkshop/offload_stack/hcoll/lib:/global/home/groups/rdmaworkshop/offload_stack/sharp/lib:/global/home/groups/rdmaworkshop/offload_stack/ucc.offload.sep23.x86_64/lib/ucc:/global/home/groups/rdmaworkshop/offload_stack/ucc.offload.sep23.x86_64/lib:/global/home/groups/rdmaworkshop/offload_stack/dpu.offload.sep23.x86_64/lib:/global/home/groups/rdmaworkshop/offload_stack/ucx.offload.sep23.x86_64/lib/ucx:/global/home/groups/rdmaworkshop/offload_stack/ucx.offload.sep23.x86_64/lib /global/home/groups/rdmaworkshop/offload_stack/ompi/tests/osu-micro-benchmarks-5.8/osu_allgatherv -f -m 256:1048576

# OSU MPI Allgatherv Latency Test v5.8
# Size       Avg Latency(us)   Min Latency(us)   Max Latency(us)  Iterations
256                  1835.82           1826.81           1849.30        1000
512                  1772.42           1762.96           1784.71        1000
1024                 1771.06           1761.99           1785.55        1000
2048                 1778.51           1768.03           1792.72        1000
4096                 1779.49           1766.15           1794.37        1000
8192                 1786.26           1771.69           1802.33        1000
16384                1784.57           1762.39           1806.51         100
32768                1806.08           1789.20           1825.49         100
65536                2953.64           2910.42           3033.82         100
131072               6005.69           5947.82           6158.57         100
262144              12200.98          12092.07          12409.39         100
524288              24845.62          24649.39          25131.77         100
1048576             51377.30          50658.26          52396.19         100
492.25user 365.03system 0:28.84elapsed 2971%CPU (0avgtext+0avgdata 356200maxresident)k
0inputs+0outputs (135major+656518minor)pagefaults 0swaps
